{"error":"SQLITE_ERROR: no such column: expires_at","level":"error","message":"Error getting notifications","timestamp":"2025-05-06T20:59:42.381Z","userId":2}
{"error":"SQLITE_ERROR: no such column: expires_at","level":"error","message":"Error getting notifications","timestamp":"2025-05-06T20:59:42.390Z","userId":2}
{"error":"SQLITE_ERROR: no such column: expires_at","level":"error","message":"Error getting notifications","timestamp":"2025-05-06T21:00:14.595Z","userId":2}
{"error":"SQLITE_ERROR: no such column: expires_at","level":"error","message":"Error getting notifications","timestamp":"2025-05-06T21:00:14.599Z","userId":2}
{"error":"SQLITE_ERROR: no such column: expires_at","level":"error","message":"Error getting notifications","timestamp":"2025-05-06T21:00:45.716Z","userId":2}
{"error":"SQLITE_ERROR: no such column: expires_at","level":"error","message":"Error getting notifications","timestamp":"2025-05-06T21:00:45.724Z","userId":2}
{"error":"SQLITE_ERROR: no such column: expires_at","level":"error","message":"Error getting notifications","timestamp":"2025-05-06T21:01:11.790Z","userId":2}
{"error":"SQLITE_ERROR: no such column: expires_at","level":"error","message":"Error getting notifications","timestamp":"2025-05-06T21:01:11.794Z","userId":2}
{"error":"SQLITE_ERROR: no such column: expires_at","level":"error","message":"Error getting notifications","timestamp":"2025-05-06T21:16:30.517Z","userId":2}
{"error":"SQLITE_ERROR: no such column: expires_at","level":"error","message":"Error getting notifications","timestamp":"2025-05-06T21:16:30.522Z","userId":2}
{"error":"SQLITE_ERROR: no such column: expires_at","level":"error","message":"Error getting notifications","timestamp":"2025-05-06T21:16:30.574Z","userId":2}
{"error":"SQLITE_ERROR: no such column: expires_at","level":"error","message":"Error getting notifications","timestamp":"2025-05-06T21:16:30.579Z","userId":2}
{"error":"SQLITE_ERROR: no such column: expires_at","level":"error","message":"Error getting notifications","timestamp":"2025-05-06T21:16:33.395Z","userId":2}
{"error":"SQLITE_ERROR: no such column: expires_at","level":"error","message":"Error getting notifications","timestamp":"2025-05-06T21:16:33.399Z","userId":2}
{"error":"SQLITE_ERROR: no such column: expires_at","level":"error","message":"Error getting notifications","timestamp":"2025-05-06T21:17:17.424Z","userId":2}
{"error":"SQLITE_ERROR: no such column: expires_at","level":"error","message":"Error getting notifications","timestamp":"2025-05-06T21:17:17.428Z","userId":2}
{"error":"SQLITE_ERROR: no such column: expires_at","level":"error","message":"Error getting notifications","timestamp":"2025-05-06T21:17:27.139Z","userId":2}
{"error":"SQLITE_ERROR: no such column: expires_at","level":"error","message":"Error getting notifications","timestamp":"2025-05-06T21:17:27.145Z","userId":2}
{"error":"SQLITE_ERROR: no such column: expires_at","level":"error","message":"Error getting notifications","timestamp":"2025-05-06T21:17:31.869Z","userId":2}
{"error":"SQLITE_ERROR: no such column: expires_at","level":"error","message":"Error getting notifications","timestamp":"2025-05-06T21:17:31.877Z","userId":2}
{"error":"SQLITE_ERROR: no such column: expires_at","level":"error","message":"Error getting notifications","timestamp":"2025-05-06T21:18:04.578Z","userId":2}
{"error":"SQLITE_ERROR: no such column: expires_at","level":"error","message":"Error getting notifications","timestamp":"2025-05-06T21:18:04.583Z","userId":2}
{"error":"SQLITE_ERROR: no such column: expires_at","level":"error","message":"Error getting notifications","timestamp":"2025-05-06T21:18:11.422Z","userId":2}
{"error":"SQLITE_ERROR: no such column: expires_at","level":"error","message":"Error getting notifications","timestamp":"2025-05-06T21:18:11.429Z","userId":2}
{"error":"SQLITE_ERROR: no such column: expires_at","level":"error","message":"Error getting notifications","timestamp":"2025-05-06T21:19:39.220Z","userId":2}
{"error":"SQLITE_ERROR: no such column: expires_at","level":"error","message":"Error getting notifications","timestamp":"2025-05-06T21:19:39.227Z","userId":2}
{"error":"SQLITE_ERROR: no such column: expires_at","level":"error","message":"Error getting notifications","timestamp":"2025-05-06T21:20:29.716Z","userId":2}
{"error":"SQLITE_ERROR: no such column: expires_at","level":"error","message":"Error getting notifications","timestamp":"2025-05-06T21:20:29.720Z","userId":2}
{"error":"SQLITE_ERROR: no such column: expires_at","level":"error","message":"Error getting notifications","timestamp":"2025-05-06T21:22:29.045Z","userId":2}
{"error":"SQLITE_ERROR: no such column: expires_at","level":"error","message":"Error getting notifications","timestamp":"2025-05-06T21:22:29.052Z","userId":2}
{"level":"error","message":"Eroare: Tipul documentului este obligatoriu","method":"POST","path":"/upload","stack":"Error: Tipul documentului este obligatoriu\n    at validateDocument (/Users/Laura/Desktop/StudyInMoldova/backend/src/routes/documents.js:57:13)\n    at Layer.handle [as handle_request] (/Users/Laura/Desktop/StudyInMoldova/backend/node_modules/express/lib/router/layer.js:95:5)\n    at next (/Users/Laura/Desktop/StudyInMoldova/backend/node_modules/express/lib/router/route.js:149:13)\n    at /Users/Laura/Desktop/StudyInMoldova/backend/node_modules/express-rate-limit/dist/index.cjs:822:7\n    at async /Users/Laura/Desktop/StudyInMoldova/backend/node_modules/express-rate-limit/dist/index.cjs:704:5","timestamp":"2025-05-06T21:31:12.012Z","user":2}
{"level":"error","message":"Eroare: Tipul documentului este obligatoriu","method":"POST","path":"/upload","stack":"Error: Tipul documentului este obligatoriu\n    at validateDocument (/Users/Laura/Desktop/StudyInMoldova/backend/src/routes/documents.js:57:13)\n    at Layer.handle [as handle_request] (/Users/Laura/Desktop/StudyInMoldova/backend/node_modules/express/lib/router/layer.js:95:5)\n    at next (/Users/Laura/Desktop/StudyInMoldova/backend/node_modules/express/lib/router/route.js:149:13)\n    at /Users/Laura/Desktop/StudyInMoldova/backend/node_modules/express-rate-limit/dist/index.cjs:822:7\n    at async /Users/Laura/Desktop/StudyInMoldova/backend/node_modules/express-rate-limit/dist/index.cjs:704:5","timestamp":"2025-05-06T21:31:45.658Z","user":2}
{"level":"error","message":"Eroare: Tipul documentului este obligatoriu","method":"POST","path":"/upload","stack":"Error: Tipul documentului este obligatoriu\n    at validateDocument (/Users/Laura/Desktop/StudyInMoldova/backend/src/routes/documents.js:57:13)\n    at Layer.handle [as handle_request] (/Users/Laura/Desktop/StudyInMoldova/backend/node_modules/express/lib/router/layer.js:95:5)\n    at next (/Users/Laura/Desktop/StudyInMoldova/backend/node_modules/express/lib/router/route.js:149:13)\n    at /Users/Laura/Desktop/StudyInMoldova/backend/node_modules/express-rate-limit/dist/index.cjs:822:7\n    at async /Users/Laura/Desktop/StudyInMoldova/backend/node_modules/express-rate-limit/dist/index.cjs:704:5","timestamp":"2025-05-06T21:32:14.842Z","user":2}
{"level":"error","message":"Eroare: Tipul documentului este obligatoriu","method":"POST","path":"/upload","stack":"Error: Tipul documentului este obligatoriu\n    at validateDocument (/Users/Laura/Desktop/StudyInMoldova/backend/src/routes/documents.js:57:13)\n    at Layer.handle [as handle_request] (/Users/Laura/Desktop/StudyInMoldova/backend/node_modules/express/lib/router/layer.js:95:5)\n    at next (/Users/Laura/Desktop/StudyInMoldova/backend/node_modules/express/lib/router/route.js:149:13)\n    at /Users/Laura/Desktop/StudyInMoldova/backend/node_modules/express-rate-limit/dist/index.cjs:822:7\n    at async /Users/Laura/Desktop/StudyInMoldova/backend/node_modules/express-rate-limit/dist/index.cjs:704:5","timestamp":"2025-05-06T21:32:50.831Z","user":2}
{"level":"error","message":"Eroare: Tipul documentului este obligatoriu","method":"POST","path":"/upload","stack":"Error: Tipul documentului este obligatoriu\n    at validateDocument (/Users/Laura/Desktop/StudyInMoldova/backend/src/routes/documents.js:57:13)\n    at Layer.handle [as handle_request] (/Users/Laura/Desktop/StudyInMoldova/backend/node_modules/express/lib/router/layer.js:95:5)\n    at next (/Users/Laura/Desktop/StudyInMoldova/backend/node_modules/express/lib/router/route.js:149:13)\n    at /Users/Laura/Desktop/StudyInMoldova/backend/node_modules/express-rate-limit/dist/index.cjs:822:7\n    at async /Users/Laura/Desktop/StudyInMoldova/backend/node_modules/express-rate-limit/dist/index.cjs:704:5","timestamp":"2025-05-06T21:32:51.612Z","user":2}
{"error":"SQLITE_ERROR: no such column: expires_at","level":"error","message":"Error getting notifications","timestamp":"2025-05-06T21:33:15.868Z","userId":2}
{"error":"SQLITE_ERROR: no such column: expires_at","level":"error","message":"Error getting notifications","timestamp":"2025-05-06T21:33:15.876Z","userId":2}
{"level":"error","message":"Eroare: Tipul documentului este obligatoriu","method":"POST","path":"/upload","stack":"Error: Tipul documentului este obligatoriu\n    at validateDocument (/Users/Laura/Desktop/StudyInMoldova/backend/src/routes/documents.js:57:13)\n    at Layer.handle [as handle_request] (/Users/Laura/Desktop/StudyInMoldova/backend/node_modules/express/lib/router/layer.js:95:5)\n    at next (/Users/Laura/Desktop/StudyInMoldova/backend/node_modules/express/lib/router/route.js:149:13)\n    at /Users/Laura/Desktop/StudyInMoldova/backend/node_modules/express-rate-limit/dist/index.cjs:822:7\n    at async /Users/Laura/Desktop/StudyInMoldova/backend/node_modules/express-rate-limit/dist/index.cjs:704:5","timestamp":"2025-05-06T21:33:56.761Z","user":2}
{"level":"error","message":"Eroare: Tipul documentului este obligatoriu","method":"POST","path":"/upload","stack":"Error: Tipul documentului este obligatoriu\n    at validateDocument (/Users/Laura/Desktop/StudyInMoldova/backend/src/routes/documents.js:57:13)\n    at Layer.handle [as handle_request] (/Users/Laura/Desktop/StudyInMoldova/backend/node_modules/express/lib/router/layer.js:95:5)\n    at next (/Users/Laura/Desktop/StudyInMoldova/backend/node_modules/express/lib/router/route.js:149:13)\n    at /Users/Laura/Desktop/StudyInMoldova/backend/node_modules/express-rate-limit/dist/index.cjs:822:7\n    at async /Users/Laura/Desktop/StudyInMoldova/backend/node_modules/express-rate-limit/dist/index.cjs:704:5","timestamp":"2025-05-06T21:34:27.115Z","user":2}
{"level":"error","message":"Eroare: Tipul documentului este obligatoriu","method":"POST","path":"/upload","stack":"Error: Tipul documentului este obligatoriu\n    at validateDocument (/Users/Laura/Desktop/StudyInMoldova/backend/src/routes/documents.js:57:13)\n    at Layer.handle [as handle_request] (/Users/Laura/Desktop/StudyInMoldova/backend/node_modules/express/lib/router/layer.js:95:5)\n    at next (/Users/Laura/Desktop/StudyInMoldova/backend/node_modules/express/lib/router/route.js:149:13)\n    at /Users/Laura/Desktop/StudyInMoldova/backend/node_modules/express-rate-limit/dist/index.cjs:822:7\n    at async /Users/Laura/Desktop/StudyInMoldova/backend/node_modules/express-rate-limit/dist/index.cjs:704:5","timestamp":"2025-05-06T21:34:27.709Z","user":2}
{"level":"error","message":"Eroare: Tipul documentului este obligatoriu","method":"POST","path":"/upload","stack":"Error: Tipul documentului este obligatoriu\n    at validateDocument (/Users/Laura/Desktop/StudyInMoldova/backend/src/routes/documents.js:57:13)\n    at Layer.handle [as handle_request] (/Users/Laura/Desktop/StudyInMoldova/backend/node_modules/express/lib/router/layer.js:95:5)\n    at next (/Users/Laura/Desktop/StudyInMoldova/backend/node_modules/express/lib/router/route.js:149:13)\n    at /Users/Laura/Desktop/StudyInMoldova/backend/node_modules/express-rate-limit/dist/index.cjs:822:7\n    at async /Users/Laura/Desktop/StudyInMoldova/backend/node_modules/express-rate-limit/dist/index.cjs:704:5","timestamp":"2025-05-06T21:34:56.124Z","user":2}
{"level":"error","message":"Eroare: Tipul documentului este obligatoriu","method":"POST","path":"/upload","stack":"Error: Tipul documentului este obligatoriu\n    at validateDocument (/Users/Laura/Desktop/StudyInMoldova/backend/src/routes/documents.js:57:13)\n    at Layer.handle [as handle_request] (/Users/Laura/Desktop/StudyInMoldova/backend/node_modules/express/lib/router/layer.js:95:5)\n    at next (/Users/Laura/Desktop/StudyInMoldova/backend/node_modules/express/lib/router/route.js:149:13)\n    at /Users/Laura/Desktop/StudyInMoldova/backend/node_modules/express-rate-limit/dist/index.cjs:822:7\n    at async /Users/Laura/Desktop/StudyInMoldova/backend/node_modules/express-rate-limit/dist/index.cjs:704:5","timestamp":"2025-05-06T21:35:11.248Z","user":2}
{"level":"error","message":"Eroare: Tipul documentului este obligatoriu","method":"POST","path":"/upload","stack":"Error: Tipul documentului este obligatoriu\n    at validateDocument (/Users/Laura/Desktop/StudyInMoldova/backend/src/routes/documents.js:57:13)\n    at Layer.handle [as handle_request] (/Users/Laura/Desktop/StudyInMoldova/backend/node_modules/express/lib/router/layer.js:95:5)\n    at next (/Users/Laura/Desktop/StudyInMoldova/backend/node_modules/express/lib/router/route.js:149:13)\n    at /Users/Laura/Desktop/StudyInMoldova/backend/node_modules/express-rate-limit/dist/index.cjs:822:7\n    at async /Users/Laura/Desktop/StudyInMoldova/backend/node_modules/express-rate-limit/dist/index.cjs:704:5","timestamp":"2025-05-07T10:36:59.086Z","user":2}
{"level":"error","message":"Eroare: Tipul documentului este obligatoriu","method":"POST","path":"/upload","stack":"Error: Tipul documentului este obligatoriu\n    at validateDocument (/Users/Laura/Desktop/StudyInMoldova/backend/src/routes/documents.js:57:13)\n    at Layer.handle [as handle_request] (/Users/Laura/Desktop/StudyInMoldova/backend/node_modules/express/lib/router/layer.js:95:5)\n    at next (/Users/Laura/Desktop/StudyInMoldova/backend/node_modules/express/lib/router/route.js:149:13)\n    at /Users/Laura/Desktop/StudyInMoldova/backend/node_modules/express-rate-limit/dist/index.cjs:822:7\n    at async /Users/Laura/Desktop/StudyInMoldova/backend/node_modules/express-rate-limit/dist/index.cjs:704:5","timestamp":"2025-05-07T10:37:43.734Z","user":2}
{"level":"error","message":"Eroare: Tipul documentului este obligatoriu","method":"POST","path":"/upload","stack":"Error: Tipul documentului este obligatoriu\n    at validateDocument (/Users/Laura/Desktop/StudyInMoldova/backend/src/routes/documents.js:57:13)\n    at Layer.handle [as handle_request] (/Users/Laura/Desktop/StudyInMoldova/backend/node_modules/express/lib/router/layer.js:95:5)\n    at next (/Users/Laura/Desktop/StudyInMoldova/backend/node_modules/express/lib/router/route.js:149:13)\n    at /Users/Laura/Desktop/StudyInMoldova/backend/node_modules/express-rate-limit/dist/index.cjs:822:7\n    at async /Users/Laura/Desktop/StudyInMoldova/backend/node_modules/express-rate-limit/dist/index.cjs:704:5","timestamp":"2025-05-07T10:38:23.856Z","user":2}
{"level":"error","message":"Eroare: Tipul documentului este obligatoriu","method":"POST","path":"/upload","stack":"Error: Tipul documentului este obligatoriu\n    at validateDocument (/Users/Laura/Desktop/StudyInMoldova/backend/src/routes/documents.js:57:13)\n    at Layer.handle [as handle_request] (/Users/Laura/Desktop/StudyInMoldova/backend/node_modules/express/lib/router/layer.js:95:5)\n    at next (/Users/Laura/Desktop/StudyInMoldova/backend/node_modules/express/lib/router/route.js:149:13)\n    at /Users/Laura/Desktop/StudyInMoldova/backend/node_modules/express-rate-limit/dist/index.cjs:822:7\n    at async /Users/Laura/Desktop/StudyInMoldova/backend/node_modules/express-rate-limit/dist/index.cjs:704:5","timestamp":"2025-05-07T10:38:24.750Z","user":2}
{"level":"error","message":"Eroare: Tipul documentului este obligatoriu","method":"POST","path":"/upload","stack":"Error: Tipul documentului este obligatoriu\n    at validateDocument (/Users/Laura/Desktop/StudyInMoldova/backend/src/routes/documents.js:57:13)\n    at Layer.handle [as handle_request] (/Users/Laura/Desktop/StudyInMoldova/backend/node_modules/express/lib/router/layer.js:95:5)\n    at next (/Users/Laura/Desktop/StudyInMoldova/backend/node_modules/express/lib/router/route.js:149:13)\n    at /Users/Laura/Desktop/StudyInMoldova/backend/node_modules/express-rate-limit/dist/index.cjs:822:7\n    at async /Users/Laura/Desktop/StudyInMoldova/backend/node_modules/express-rate-limit/dist/index.cjs:704:5","timestamp":"2025-05-07T10:39:03.412Z","user":2}
{"level":"error","message":"Eroare: Tipul documentului este obligatoriu","method":"POST","path":"/upload","stack":"Error: Tipul documentului este obligatoriu\n    at validateDocument (/Users/Laura/Desktop/StudyInMoldova/backend/src/routes/documents.js:57:13)\n    at Layer.handle [as handle_request] (/Users/Laura/Desktop/StudyInMoldova/backend/node_modules/express/lib/router/layer.js:95:5)\n    at next (/Users/Laura/Desktop/StudyInMoldova/backend/node_modules/express/lib/router/route.js:149:13)\n    at /Users/Laura/Desktop/StudyInMoldova/backend/node_modules/express-rate-limit/dist/index.cjs:822:7\n    at async /Users/Laura/Desktop/StudyInMoldova/backend/node_modules/express-rate-limit/dist/index.cjs:704:5","timestamp":"2025-05-07T10:39:44.135Z","user":2}
{"level":"error","message":"Eroare: Tipul documentului este obligatoriu","method":"POST","path":"/upload","stack":"Error: Tipul documentului este obligatoriu\n    at validateDocument (/Users/Laura/Desktop/StudyInMoldova/backend/src/routes/documents.js:57:13)\n    at Layer.handle [as handle_request] (/Users/Laura/Desktop/StudyInMoldova/backend/node_modules/express/lib/router/layer.js:95:5)\n    at next (/Users/Laura/Desktop/StudyInMoldova/backend/node_modules/express/lib/router/route.js:149:13)\n    at /Users/Laura/Desktop/StudyInMoldova/backend/node_modules/express-rate-limit/dist/index.cjs:822:7\n    at async /Users/Laura/Desktop/StudyInMoldova/backend/node_modules/express-rate-limit/dist/index.cjs:704:5","timestamp":"2025-05-07T10:39:44.796Z","user":2}
{"level":"error","message":"Eroare: Tipul documentului este obligatoriu","method":"POST","path":"/upload","stack":"Error: Tipul documentului este obligatoriu\n    at validateDocument (/Users/Laura/Desktop/StudyInMoldova/backend/src/routes/documents.js:57:13)\n    at Layer.handle [as handle_request] (/Users/Laura/Desktop/StudyInMoldova/backend/node_modules/express/lib/router/layer.js:95:5)\n    at next (/Users/Laura/Desktop/StudyInMoldova/backend/node_modules/express/lib/router/route.js:149:13)\n    at /Users/Laura/Desktop/StudyInMoldova/backend/node_modules/express-rate-limit/dist/index.cjs:822:7\n    at async /Users/Laura/Desktop/StudyInMoldova/backend/node_modules/express-rate-limit/dist/index.cjs:704:5","timestamp":"2025-05-07T10:40:39.675Z","user":2}
{"documentType":"transcript","file":{"mimetype":"image/png","originalname":"Captura___de_ecran_din_2025-04-30_la_12.40.57.png","size":363567},"level":"info","message":"Începe încărcarea documentului","timestamp":"2025-05-07T10:41:13.457Z","userId":2}
{"documentId":1,"documentType":"transcript","filePath":"/Users/Laura/Desktop/StudyInMoldova/uploads/2/transcript_1746614473468.png","level":"info","message":"Document încărcat cu succes","timestamp":"2025-05-07T10:41:13.479Z","userId":2}
{"level":"info","message":"Încărcare documente pentru admin","role":"admin","timestamp":"2025-05-09T19:07:53.348Z","userId":1}
{"level":"info","message":"Încărcare documente pentru admin","role":"admin","timestamp":"2025-05-09T19:07:53.362Z","userId":1}
{"level":"info","message":"Încărcare documente pentru admin","role":"admin","timestamp":"2025-05-09T19:11:52.757Z","userId":1}
{"level":"info","message":"Încărcare documente pentru admin","role":"admin","timestamp":"2025-05-09T19:11:52.762Z","userId":1}
{"level":"info","message":"Încărcare documente pentru admin","role":"admin","timestamp":"2025-05-09T19:15:32.659Z","userId":1}
{"level":"info","message":"Încărcare documente pentru admin","role":"admin","timestamp":"2025-05-09T19:15:32.669Z","userId":1}
{"level":"info","message":"Încărcare documente pentru admin","role":"admin","timestamp":"2025-05-09T19:16:11.603Z","userId":1}
{"level":"info","message":"Încărcare documente pentru admin","role":"admin","timestamp":"2025-05-09T19:16:11.610Z","userId":1}
{"error":"SQLITE_ERROR: no such column: expires_at","level":"error","message":"Error getting notifications","timestamp":"2025-05-09T19:17:43.493Z","userId":2}
{"error":"SQLITE_ERROR: no such column: expires_at","level":"error","message":"Error getting notifications","timestamp":"2025-05-09T19:17:43.499Z","userId":2}
{"error":"SQLITE_ERROR: no such column: expires_at","level":"error","message":"Error getting notifications","timestamp":"2025-05-09T19:18:02.723Z","userId":2}
{"error":"SQLITE_ERROR: no such column: expires_at","level":"error","message":"Error getting notifications","timestamp":"2025-05-09T19:18:02.728Z","userId":2}
{"level":"info","message":"Încărcare documente pentru admin","role":"admin","timestamp":"2025-05-09T19:18:07.743Z","userId":1}
{"level":"info","message":"Încărcare documente pentru admin","role":"admin","timestamp":"2025-05-09T19:18:07.752Z","userId":1}
{"level":"info","message":"Încărcare documente pentru admin","role":"admin","timestamp":"2025-05-09T19:18:10.439Z","userId":1}
{"level":"info","message":"Încărcare documente pentru admin","role":"admin","timestamp":"2025-05-09T19:18:10.458Z","userId":1}
{"level":"info","message":"Încărcare documente pentru admin","role":"admin","timestamp":"2025-05-09T19:19:45.724Z","userId":1}
{"level":"info","message":"Încărcare documente pentru admin","role":"admin","timestamp":"2025-05-09T19:20:20.766Z","userId":1}
{"level":"info","message":"Încărcare documente pentru admin","role":"admin","timestamp":"2025-05-09T19:20:20.770Z","userId":1}
{"level":"info","message":"Încărcare documente pentru admin","role":"admin","timestamp":"2025-05-09T19:20:25.508Z","userId":1}
{"level":"info","message":"Încărcare documente pentru admin","role":"admin","timestamp":"2025-05-09T19:21:10.587Z","userId":1}
{"level":"info","message":"Încărcare documente pentru admin","role":"admin","timestamp":"2025-05-09T19:21:19.622Z","userId":1}
{"level":"info","message":"Încărcare documente pentru admin","role":"admin","timestamp":"2025-05-09T19:21:56.591Z","userId":1}
{"level":"info","message":"Încărcare documente pentru admin","role":"admin","timestamp":"2025-05-09T19:22:10.508Z","userId":1}
{"level":"info","message":"Încărcare documente pentru admin","role":"admin","timestamp":"2025-05-09T19:22:10.509Z","userId":1}
{"level":"info","message":"Încărcare documente pentru admin","role":"admin","timestamp":"2025-05-09T19:23:22.576Z","userId":1}
{"level":"info","message":"Încărcare documente pentru admin","role":"admin","timestamp":"2025-05-09T19:24:10.586Z","userId":1}
{"level":"info","message":"Încărcare documente pentru admin","role":"admin","timestamp":"2025-05-09T19:25:10.578Z","userId":1}
{"level":"info","message":"Încărcare documente pentru admin","role":"admin","timestamp":"2025-05-09T19:25:45.562Z","userId":1}
{"level":"info","message":"Încărcare documente pentru admin","role":"admin","timestamp":"2025-05-09T19:25:58.180Z","userId":1}
{"level":"info","message":"Încărcare documente pentru admin","role":"admin","timestamp":"2025-05-09T19:25:58.187Z","userId":1}
{"level":"info","message":"Încărcare documente pentru admin","role":"admin","timestamp":"2025-05-09T19:26:54.330Z","userId":1}
{"level":"info","message":"Încărcare documente pentru admin","role":"admin","timestamp":"2025-05-09T19:27:01.636Z","userId":1}
{"level":"info","message":"Încărcare documente pentru admin","role":"admin","timestamp":"2025-05-09T19:27:38.652Z","userId":1}
{"level":"info","message":"Încărcare documente pentru admin","role":"admin","timestamp":"2025-05-09T19:29:47.557Z","userId":1}
{"level":"info","message":"Încărcare documente pentru admin","role":"admin","timestamp":"2025-05-09T19:30:08.832Z","userId":1}
{"level":"info","message":"Încărcare documente pentru admin","role":"admin","timestamp":"2025-05-09T19:30:08.837Z","userId":1}
{"level":"info","message":"Încărcare documente pentru admin","role":"admin","timestamp":"2025-05-09T19:30:31.581Z","userId":1}
{"level":"info","message":"Încărcare documente pentru admin","role":"admin","timestamp":"2025-05-09T19:31:38.572Z","userId":1}
{"level":"info","message":"Încărcare documente pentru admin","role":"admin","timestamp":"2025-05-09T19:32:08.556Z","userId":1}
{"level":"info","message":"Încărcare documente pentru admin","role":"admin","timestamp":"2025-05-09T19:32:26.212Z","userId":1}
{"level":"info","message":"Încărcare documente pentru admin","role":"admin","timestamp":"2025-05-09T19:33:12.664Z","userId":1}
{"level":"info","message":"Încărcare documente pentru admin","role":"admin","timestamp":"2025-05-09T19:33:24.268Z","userId":1}
{"level":"info","message":"Încărcare documente pentru admin","role":"admin","timestamp":"2025-05-09T19:33:50.378Z","userId":1}
{"level":"info","message":"Încărcare documente pentru admin","role":"admin","timestamp":"2025-05-09T19:34:09.465Z","userId":1}
{"error":"SQLITE_ERROR: no such column: expires_at","level":"error","message":"Error getting notifications","timestamp":"2025-05-09T19:34:41.316Z","userId":2}
{"error":"SQLITE_ERROR: no such column: expires_at","level":"error","message":"Error getting notifications","timestamp":"2025-05-09T19:34:41.321Z","userId":2}
{"error":"SQLITE_ERROR: no such column: expires_at","level":"error","message":"Error getting notifications","timestamp":"2025-05-09T23:05:38.805Z","userId":2}
{"error":"SQLITE_ERROR: no such column: expires_at","level":"error","message":"Error getting notifications","timestamp":"2025-05-09T23:05:38.811Z","userId":2}
{"level":"info","message":"Încărcare documente pentru admin","role":"admin","timestamp":"2025-05-10T10:31:38.830Z","userId":1}
{"level":"info","message":"Încărcare documente pentru admin","role":"admin","timestamp":"2025-05-10T10:31:38.858Z","userId":1}
{"level":"info","message":"Încărcare documente pentru admin","role":"admin","timestamp":"2025-05-10T10:56:44.208Z","userId":1}
{"level":"info","message":"Încărcare documente pentru admin","role":"admin","timestamp":"2025-05-10T10:56:44.225Z","userId":1}
{"error":"SQLITE_ERROR: no such column: expires_at","level":"error","message":"Error getting notifications","timestamp":"2025-05-10T14:00:41.368Z","userId":2}
{"error":"SQLITE_ERROR: no such column: expires_at","level":"error","message":"Error getting notifications","timestamp":"2025-05-10T14:00:41.381Z","userId":2}
{"level":"info","message":"Încărcare documente pentru admin","role":"admin","timestamp":"2025-05-10T14:08:41.846Z","userId":1}
{"level":"info","message":"Încărcare documente pentru admin","role":"admin","timestamp":"2025-05-10T14:08:41.881Z","userId":1}
{"error":"SQLITE_ERROR: no such column: expires_at","level":"error","message":"Error getting notifications","timestamp":"2025-05-10T14:14:54.097Z","userId":2}
{"error":"SQLITE_ERROR: no such column: expires_at","level":"error","message":"Error getting notifications","timestamp":"2025-05-10T14:14:54.109Z","userId":2}
{"level":"info","message":"Încărcare documente pentru admin","role":"user","timestamp":"2025-05-11T08:29:04.609Z","userId":2}
{"level":"info","message":"Încărcare documente pentru admin","role":"user","timestamp":"2025-05-11T08:29:04.623Z","userId":2}
{"level":"info","message":"Încărcare documente pentru admin","role":"user","timestamp":"2025-05-11T08:29:25.275Z","userId":2}
{"level":"info","message":"Încărcare documente pentru admin","role":"admin","timestamp":"2025-05-11T10:51:53.480Z","userId":1}
{"level":"info","message":"Încărcare documente pentru admin","role":"admin","timestamp":"2025-05-11T10:51:53.505Z","userId":1}
{"level":"info","message":"Încărcare documente pentru admin","role":"admin","timestamp":"2025-05-11T10:52:45.434Z","userId":1}
{"level":"info","message":"Încărcare documente pentru admin","role":"admin","timestamp":"2025-05-11T10:52:45.477Z","userId":1}
{"error":"SQLITE_ERROR: no such column: expires_at","level":"error","message":"Error getting notifications","timestamp":"2025-05-11T13:17:51.060Z","userId":2}
{"error":"SQLITE_ERROR: no such column: expires_at","level":"error","message":"Error getting notifications","timestamp":"2025-05-11T13:17:51.073Z","userId":2}
{"error":"SQLITE_ERROR: no such column: expires_at","level":"error","message":"Error getting notifications","timestamp":"2025-05-12T12:15:00.939Z","userId":2}
{"error":"SQLITE_ERROR: no such column: expires_at","level":"error","message":"Error getting notifications","timestamp":"2025-05-12T12:15:00.951Z","userId":2}
{"level":"info","message":"Încărcare documente pentru admin","role":"admin","timestamp":"2025-05-14T06:32:26.410Z","userId":1}
{"level":"info","message":"Încărcare documente pentru admin","role":"admin","timestamp":"2025-05-14T06:32:26.425Z","userId":1}
{"level":"info","message":"Încărcare documente pentru admin","role":"admin","timestamp":"2025-05-14T06:32:27.721Z","userId":1}
{"level":"info","message":"Încărcare documente pentru admin","role":"admin","timestamp":"2025-05-14T06:32:27.733Z","userId":1}
{"level":"info","message":"Încărcare documente pentru admin","role":"admin","timestamp":"2025-05-14T06:33:29.658Z","userId":1}
{"level":"info","message":"Încărcare documente pentru admin","role":"admin","timestamp":"2025-05-14T06:33:29.679Z","userId":1}
{"level":"info","message":"Încărcare documente pentru admin","role":"admin","timestamp":"2025-05-14T06:33:32.193Z","userId":1}
{"level":"info","message":"Încărcare documente pentru admin","role":"admin","timestamp":"2025-05-14T06:33:32.202Z","userId":1}
{"level":"info","message":"Încărcare documente pentru admin","role":"admin","timestamp":"2025-05-14T06:33:43.828Z","userId":1}
{"level":"info","message":"Încărcare documente pentru admin","role":"admin","timestamp":"2025-05-14T06:35:01.743Z","userId":1}
{"level":"info","message":"Încărcare documente pentru admin","role":"admin","timestamp":"2025-05-14T06:35:01.762Z","userId":1}
{"level":"info","message":"Încărcare documente pentru admin","role":"admin","timestamp":"2025-05-14T06:35:16.344Z","userId":1}
{"level":"info","message":"Încărcare documente pentru admin","role":"admin","timestamp":"2025-05-14T06:35:16.369Z","userId":1}
{"level":"info","message":"Încărcare documente pentru admin","role":"admin","timestamp":"2025-05-14T06:35:17.165Z","userId":1}
{"level":"info","message":"Încărcare documente pentru admin","role":"admin","timestamp":"2025-05-14T06:35:17.174Z","userId":1}
{"level":"info","message":"Încărcare documente pentru admin","role":"admin","timestamp":"2025-05-14T06:35:39.619Z","userId":1}
{"level":"info","message":"Încărcare documente pentru admin","role":"admin","timestamp":"2025-05-14T06:35:39.631Z","userId":1}
{"level":"info","message":"Încărcare documente pentru admin","role":"admin","timestamp":"2025-05-14T06:36:05.048Z","userId":1}
{"level":"info","message":"Încărcare documente pentru admin","role":"admin","timestamp":"2025-05-14T06:36:55.078Z","userId":1}
{"level":"info","message":"Încărcare documente pentru admin","role":"admin","timestamp":"2025-05-14T06:36:55.090Z","userId":1}
{"level":"info","message":"Încărcare documente pentru admin","role":"admin","timestamp":"2025-05-14T06:37:30.057Z","userId":1}
{"level":"info","message":"Încărcare documente pentru admin","role":"admin","timestamp":"2025-05-14T06:37:39.069Z","userId":1}
{"level":"info","message":"Încărcare documente pentru admin","role":"admin","timestamp":"2025-05-14T06:37:39.079Z","userId":1}
{"level":"info","message":"Încărcare documente pentru admin","role":"admin","timestamp":"2025-05-14T06:37:40.006Z","userId":1}
{"level":"info","message":"Încărcare documente pentru admin","role":"admin","timestamp":"2025-05-14T06:37:40.015Z","userId":1}
{"level":"info","message":"Încărcare documente pentru admin","role":"admin","timestamp":"2025-05-14T06:37:40.686Z","userId":1}
{"level":"info","message":"Încărcare documente pentru admin","role":"admin","timestamp":"2025-05-14T06:37:58.045Z","userId":1}
{"level":"info","message":"Încărcare documente pentru admin","role":"admin","timestamp":"2025-05-14T06:38:03.657Z","userId":1}
{"level":"info","message":"Încărcare documente pentru admin","role":"admin","timestamp":"2025-05-14T06:38:03.665Z","userId":1}
{"level":"info","message":"Încărcare documente pentru admin","role":"admin","timestamp":"2025-05-14T06:38:04.377Z","userId":1}
{"level":"info","message":"Încărcare documente pentru admin","role":"admin","timestamp":"2025-05-14T06:38:04.387Z","userId":1}
{"level":"info","message":"Încărcare documente pentru admin","role":"admin","timestamp":"2025-05-14T06:38:04.996Z","userId":1}
{"level":"info","message":"Încărcare documente pentru admin","role":"admin","timestamp":"2025-05-14T06:38:05.012Z","userId":1}
{"level":"info","message":"Încărcare documente pentru admin","role":"admin","timestamp":"2025-05-14T06:38:33.052Z","userId":1}
{"level":"info","message":"Încărcare documente pentru admin","role":"admin","timestamp":"2025-05-14T06:38:44.288Z","userId":1}
{"level":"info","message":"Încărcare documente pentru admin","role":"admin","timestamp":"2025-05-14T06:38:44.445Z","userId":1}
{"level":"info","message":"Încărcare documente pentru admin","role":"admin","timestamp":"2025-05-14T06:38:46.334Z","userId":1}
{"level":"info","message":"Încărcare documente pentru admin","role":"admin","timestamp":"2025-05-14T06:38:46.346Z","userId":1}
{"level":"info","message":"Încărcare documente pentru admin","role":"admin","timestamp":"2025-05-14T06:39:39.915Z","userId":1}
{"level":"info","message":"Încărcare documente pentru admin","role":"admin","timestamp":"2025-05-14T06:39:39.930Z","userId":1}
{"level":"info","message":"Încărcare documente pentru admin","role":"admin","timestamp":"2025-05-14T06:41:24.056Z","userId":1}
{"level":"info","message":"Încărcare documente pentru admin","role":"admin","timestamp":"2025-05-14T06:41:33.977Z","userId":1}
{"level":"info","message":"Încărcare documente pentru admin","role":"admin","timestamp":"2025-05-14T06:41:34.020Z","userId":1}
{"level":"info","message":"Încărcare documente pentru admin","role":"admin","timestamp":"2025-05-14T06:41:35.792Z","userId":1}
{"level":"info","message":"Încărcare documente pentru admin","role":"admin","timestamp":"2025-05-14T06:41:35.800Z","userId":1}
{"level":"info","message":"Încărcare documente pentru admin","role":"admin","timestamp":"2025-05-14T06:41:36.609Z","userId":1}
{"level":"info","message":"Încărcare documente pentru admin","role":"admin","timestamp":"2025-05-14T06:41:36.618Z","userId":1}
{"level":"info","message":"Încărcare documente pentru admin","role":"admin","timestamp":"2025-05-14T06:42:04.106Z","userId":1}
{"level":"info","message":"Încărcare documente pentru admin","role":"admin","timestamp":"2025-05-14T06:42:04.120Z","userId":1}
{"level":"info","message":"Încărcare documente pentru admin","role":"admin","timestamp":"2025-05-14T06:42:58.989Z","userId":1}
{"level":"info","message":"Încărcare documente pentru admin","role":"admin","timestamp":"2025-05-14T06:43:00.285Z","userId":1}
{"level":"info","message":"Încărcare documente pentru admin","role":"admin","timestamp":"2025-05-14T06:43:00.329Z","userId":1}
{"level":"info","message":"Încărcare documente pentru admin","role":"admin","timestamp":"2025-05-14T06:43:02.412Z","userId":1}
{"level":"info","message":"Încărcare documente pentru admin","role":"admin","timestamp":"2025-05-14T06:43:02.427Z","userId":1}
{"level":"info","message":"Încărcare documente pentru admin","role":"admin","timestamp":"2025-05-14T06:44:19.876Z","userId":1}
{"level":"info","message":"Încărcare documente pentru admin","role":"admin","timestamp":"2025-05-14T06:44:19.888Z","userId":1}
{"level":"info","message":"Încărcare documente pentru admin","role":"admin","timestamp":"2025-05-14T06:46:20.185Z","userId":1}
{"level":"info","message":"Încărcare documente pentru admin","role":"admin","timestamp":"2025-05-14T06:46:20.349Z","userId":1}
{"level":"info","message":"Încărcare documente pentru admin","role":"admin","timestamp":"2025-05-14T06:46:20.630Z","userId":1}
{"level":"info","message":"Încărcare documente pentru admin","role":"admin","timestamp":"2025-05-14T06:46:20.644Z","userId":1}
{"level":"info","message":"Încărcare documente pentru admin","role":"admin","timestamp":"2025-05-14T06:47:22.494Z","userId":1}
{"level":"info","message":"Încărcare documente pentru admin","role":"admin","timestamp":"2025-05-14T06:47:22.508Z","userId":1}
{"level":"info","message":"Încărcare documente pentru admin","role":"admin","timestamp":"2025-05-14T06:47:28.036Z","userId":1}
{"level":"info","message":"Încărcare documente pentru admin","role":"admin","timestamp":"2025-05-14T06:47:28.052Z","userId":1}
{"level":"info","message":"Încărcare documente pentru admin","role":"admin","timestamp":"2025-05-14T06:47:31.589Z","userId":1}
{"level":"info","message":"Încărcare documente pentru admin","role":"admin","timestamp":"2025-05-14T06:47:31.603Z","userId":1}
{"level":"info","message":"Încărcare documente pentru admin","role":"admin","timestamp":"2025-05-14T06:49:14.113Z","userId":1}
{"level":"info","message":"Încărcare documente pentru admin","role":"admin","timestamp":"2025-05-14T06:49:14.134Z","userId":1}
{"level":"info","message":"Încărcare documente pentru admin","role":"admin","timestamp":"2025-05-14T06:49:20.099Z","userId":1}
{"level":"info","message":"Încărcare documente pentru admin","role":"admin","timestamp":"2025-05-14T06:49:20.120Z","userId":1}
{"level":"info","message":"Încărcare documente pentru admin","role":"admin","timestamp":"2025-05-14T06:50:00.104Z","userId":1}
{"level":"info","message":"Încărcare documente pentru admin","role":"admin","timestamp":"2025-05-14T06:50:00.116Z","userId":1}
{"level":"info","message":"Încărcare documente pentru admin","role":"admin","timestamp":"2025-05-14T06:50:11.700Z","userId":1}
{"level":"info","message":"Încărcare documente pentru admin","role":"admin","timestamp":"2025-05-14T06:50:19.134Z","userId":1}
{"level":"info","message":"Încărcare documente pentru admin","role":"admin","timestamp":"2025-05-14T06:51:33.789Z","userId":1}
{"level":"info","message":"Încărcare documente pentru admin","role":"admin","timestamp":"2025-05-14T06:51:35.009Z","userId":1}
{"level":"info","message":"Încărcare documente pentru admin","role":"admin","timestamp":"2025-05-14T06:51:35.025Z","userId":1}
{"level":"info","message":"Încărcare documente pentru admin","role":"admin","timestamp":"2025-05-14T06:52:22.444Z","userId":1}
{"level":"info","message":"Încărcare documente pentru admin","role":"admin","timestamp":"2025-05-14T06:52:24.206Z","userId":1}
{"level":"info","message":"Încărcare documente pentru admin","role":"admin","timestamp":"2025-05-14T06:53:50.981Z","userId":1}
{"level":"info","message":"Încărcare documente pentru admin","role":"admin","timestamp":"2025-05-14T06:53:50.992Z","userId":1}
{"level":"info","message":"Încărcare documente pentru admin","role":"admin","timestamp":"2025-05-14T06:54:07.165Z","userId":1}
{"level":"info","message":"Încărcare documente pentru admin","role":"admin","timestamp":"2025-05-14T06:54:07.181Z","userId":1}
